Flow report for uart
Mon Sep 21 23:56:32 2015
Quartus II 64-Bit Version 13.0.0 Build 156 04/24/2013 SJ Web Edition


---------------------
; Table of Contents ;
---------------------
  1. Legal Notice
  2. Flow Summary
  3. Flow Settings
  4. Flow Non-Default Global Settings
  5. Flow Elapsed Time
  6. Flow OS Summary
  7. Flow Log
  8. Flow Messages
  9. Flow Suppressed Messages



----------------
; Legal Notice ;
----------------
Copyright (C) 1991-2013 Altera Corporation
Your use of Altera Corporation's design tools, logic functions 
and other software and tools, and its AMPP partner logic 
functions, and any output files from any of the foregoing 
(including device programming or simulation files), and any 
associated documentation or information are expressly subject 
to the terms and conditions of the Altera Program License 
Subscription Agreement, Altera MegaCore Function License 
Agreement, or other applicable license agreement, including, 
without limitation, that your use is for the sole purpose of 
programming logic devices manufactured by Altera and sold by 
Altera or its authorized distributors.  Please refer to the 
applicable agreement for further details.



+---------------------------------------------------------------------------------+
; Flow Summary                                                                    ;
+------------------------------------+--------------------------------------------+
; Flow Status                        ; Successful - Mon Sep 21 23:56:32 2015      ;
; Quartus II 64-Bit Version          ; 13.0.0 Build 156 04/24/2013 SJ Web Edition ;
; Revision Name                      ; uart                                       ;
; Top-level Entity Name              ; uart_top_level                             ;
; Family                             ; Cyclone II                                 ;
; Device                             ; EP2C5T144C8                                ;
; Timing Models                      ; Final                                      ;
; Total logic elements               ; 358 / 4,608 ( 8 % )                        ;
;     Total combinational functions  ; 358 / 4,608 ( 8 % )                        ;
;     Dedicated logic registers      ; 58 / 4,608 ( 1 % )                         ;
; Total registers                    ; 58                                         ;
; Total pins                         ; 34 / 89 ( 38 % )                           ;
; Total virtual pins                 ; 0                                          ;
; Total memory bits                  ; 0 / 119,808 ( 0 % )                        ;
; Embedded Multiplier 9-bit elements ; 0 / 26 ( 0 % )                             ;
; Total PLLs                         ; 0 / 2 ( 0 % )                              ;
+------------------------------------+--------------------------------------------+


+-----------------------------------------+
; Flow Settings                           ;
+-------------------+---------------------+
; Option            ; Setting             ;
+-------------------+---------------------+
; Start date & time ; 09/21/2015 23:56:09 ;
; Main task         ; Compilation         ;
; Revision Name     ; uart                ;
+-------------------+---------------------+


+-----------------------------------------------------------------------------------------------------------------------+
; Flow Non-Default Global Settings                                                                                      ;
+-------------------------------------+-------------------------------+---------------+----------------+----------------+
; Assignment Name                     ; Value                         ; Default Value ; Entity Name    ; Section Id     ;
+-------------------------------------+-------------------------------+---------------+----------------+----------------+
; COMPILER_SIGNATURE_ID               ; 8796757439449.144289056902176 ; --            ; --             ; --             ;
; EDA_OUTPUT_DATA_FORMAT              ; Vhdl                          ; --            ; --             ; eda_simulation ;
; EDA_SIMULATION_TOOL                 ; ModelSim-Altera (VHDL)        ; <None>        ; --             ; --             ;
; MAX_CORE_JUNCTION_TEMP              ; 85                            ; --            ; --             ; --             ;
; MIN_CORE_JUNCTION_TEMP              ; 0                             ; --            ; --             ; --             ;
; PARTITION_COLOR                     ; 16764057                      ; --            ; uart_top_level ; Top            ;
; PARTITION_FITTER_PRESERVATION_LEVEL ; PLACEMENT_AND_ROUTING         ; --            ; uart_top_level ; Top            ;
; PARTITION_NETLIST_TYPE              ; SOURCE                        ; --            ; uart_top_level ; Top            ;
; PROJECT_OUTPUT_DIRECTORY            ; output_files                  ; --            ; --             ; --             ;
; TOP_LEVEL_ENTITY                    ; uart_top_level                ; uart          ; --             ; --             ;
+-------------------------------------+-------------------------------+---------------+----------------+----------------+


+-------------------------------------------------------------------------------------------------------------------------------+
; Flow Elapsed Time                                                                                                             ;
+---------------------------+--------------+-------------------------+---------------------+------------------------------------+
; Module Name               ; Elapsed Time ; Average Processors Used ; Peak Virtual Memory ; Total CPU Time (on all processors) ;
+---------------------------+--------------+-------------------------+---------------------+------------------------------------+
; Analysis & Synthesis      ; 00:00:03     ; 1.0                     ; 504 MB              ; 00:00:03                           ;
; Fitter                    ; 00:00:08     ; 1.0                     ; 578 MB              ; 00:00:07                           ;
; Assembler                 ; 00:00:01     ; 1.0                     ; 411 MB              ; 00:00:01                           ;
; TimeQuest Timing Analyzer ; 00:00:02     ; 1.0                     ; 411 MB              ; 00:00:01                           ;
; EDA Netlist Writer        ; 00:00:01     ; 1.0                     ; 366 MB              ; 00:00:01                           ;
; Total                     ; 00:00:15     ; --                      ; --                  ; 00:00:13                           ;
+---------------------------+--------------+-------------------------+---------------------+------------------------------------+


+----------------------------------------------------------------------------------------+
; Flow OS Summary                                                                        ;
+---------------------------+------------------+-----------+------------+----------------+
; Module Name               ; Machine Hostname ; OS Name   ; OS Version ; Processor type ;
+---------------------------+------------------+-----------+------------+----------------+
; Analysis & Synthesis      ; pripyat-PC       ; Windows 7 ; 6.1        ; x86_64         ;
; Fitter                    ; pripyat-PC       ; Windows 7 ; 6.1        ; x86_64         ;
; Assembler                 ; pripyat-PC       ; Windows 7 ; 6.1        ; x86_64         ;
; TimeQuest Timing Analyzer ; pripyat-PC       ; Windows 7 ; 6.1        ; x86_64         ;
; EDA Netlist Writer        ; pripyat-PC       ; Windows 7 ; 6.1        ; x86_64         ;
+---------------------------+------------------+-----------+------------+----------------+


------------
; Flow Log ;
------------
quartus_map --read_settings_files=on --write_settings_files=off uart -c uart
quartus_fit --read_settings_files=off --write_settings_files=off uart -c uart
quartus_asm --read_settings_files=off --write_settings_files=off uart -c uart
quartus_sta uart -c uart
quartus_eda --read_settings_files=off --write_settings_files=off uart -c uart



