Flow report for 3DES_Project
Sun Feb 14 14:51:05 2016
Quartus II 64-Bit Version 13.0.0 Build 156 04/24/2013 SJ Web Edition


---------------------
; Table of Contents ;
---------------------
  1. Legal Notice
  2. Flow Summary
  3. Flow Settings
  4. Flow Non-Default Global Settings
  5. Flow Elapsed Time
  6. Flow OS Summary
  7. Flow Log
  8. Flow Messages
  9. Flow Suppressed Messages



----------------
; Legal Notice ;
----------------
Copyright (C) 1991-2013 Altera Corporation
Your use of Altera Corporation's design tools, logic functions 
and other software and tools, and its AMPP partner logic 
functions, and any output files from any of the foregoing 
(including device programming or simulation files), and any 
associated documentation or information are expressly subject 
to the terms and conditions of the Altera Program License 
Subscription Agreement, Altera MegaCore Function License 
Agreement, or other applicable license agreement, including, 
without limitation, that your use is for the sole purpose of 
programming logic devices manufactured by Altera and sold by 
Altera or its authorized distributors.  Please refer to the 
applicable agreement for further details.



+---------------------------------------------------------------------------------+
; Flow Summary                                                                    ;
+------------------------------------+--------------------------------------------+
; Flow Status                        ; Successful - Sun Feb 14 14:51:05 2016      ;
; Quartus II 64-Bit Version          ; 13.0.0 Build 156 04/24/2013 SJ Web Edition ;
; Revision Name                      ; 3DES_Project                               ;
; Top-level Entity Name              ; TDES_Project                               ;
; Family                             ; Cyclone IV E                               ;
; Device                             ; EP4CE115F29C7                              ;
; Timing Models                      ; Final                                      ;
; Total logic elements               ; 5,920 / 114,480 ( 5 % )                    ;
;     Total combinational functions  ; 3,453 / 114,480 ( 3 % )                    ;
;     Dedicated logic registers      ; 4,812 / 114,480 ( 4 % )                    ;
; Total registers                    ; 4812                                       ;
; Total pins                         ; 72 / 529 ( 14 % )                          ;
; Total virtual pins                 ; 0                                          ;
; Total memory bits                  ; 65,536 / 3,981,312 ( 2 % )                 ;
; Embedded Multiplier 9-bit elements ; 0 / 532 ( 0 % )                            ;
; Total PLLs                         ; 0 / 4 ( 0 % )                              ;
+------------------------------------+--------------------------------------------+


+-----------------------------------------+
; Flow Settings                           ;
+-------------------+---------------------+
; Option            ; Setting             ;
+-------------------+---------------------+
; Start date & time ; 02/14/2016 14:48:28 ;
; Main task         ; Compilation         ;
; Revision Name     ; 3DES_Project        ;
+-------------------+---------------------+


+---------------------------------------------------------------------------------------------------------------------+
; Flow Non-Default Global Settings                                                                                    ;
+-------------------------------------+-------------------------------+---------------+--------------+----------------+
; Assignment Name                     ; Value                         ; Default Value ; Entity Name  ; Section Id     ;
+-------------------------------------+-------------------------------+---------------+--------------+----------------+
; COMPILER_SIGNATURE_ID               ; 8796759628884.145546850801132 ; --            ; --           ; --             ;
; EDA_OUTPUT_DATA_FORMAT              ; Vhdl                          ; --            ; --           ; eda_simulation ;
; EDA_SIMULATION_TOOL                 ; ModelSim-Altera (VHDL)        ; <None>        ; --           ; --             ;
; MAX_CORE_JUNCTION_TEMP              ; 85                            ; --            ; --           ; --             ;
; MIN_CORE_JUNCTION_TEMP              ; 0                             ; --            ; --           ; --             ;
; NOMINAL_CORE_SUPPLY_VOLTAGE         ; 1.2V                          ; --            ; --           ; --             ;
; PARTITION_COLOR                     ; 16764057                      ; --            ; TDES_Project ; Top            ;
; PARTITION_FITTER_PRESERVATION_LEVEL ; PLACEMENT_AND_ROUTING         ; --            ; TDES_Project ; Top            ;
; PARTITION_NETLIST_TYPE              ; SOURCE                        ; --            ; TDES_Project ; Top            ;
; PROJECT_OUTPUT_DIRECTORY            ; output_files                  ; --            ; --           ; --             ;
; TOP_LEVEL_ENTITY                    ; TDES_Project                  ; 3DES_Project  ; --           ; --             ;
+-------------------------------------+-------------------------------+---------------+--------------+----------------+


+-------------------------------------------------------------------------------------------------------------------------------+
; Flow Elapsed Time                                                                                                             ;
+---------------------------+--------------+-------------------------+---------------------+------------------------------------+
; Module Name               ; Elapsed Time ; Average Processors Used ; Peak Virtual Memory ; Total CPU Time (on all processors) ;
+---------------------------+--------------+-------------------------+---------------------+------------------------------------+
; Analysis & Synthesis      ; 00:00:32     ; 1.0                     ; 545 MB              ; 00:00:29                           ;
; Fitter                    ; 00:01:22     ; 1.0                     ; 923 MB              ; 00:01:20                           ;
; Assembler                 ; 00:00:07     ; 1.0                     ; 446 MB              ; 00:00:06                           ;
; TimeQuest Timing Analyzer ; 00:00:11     ; 1.0                     ; 577 MB              ; 00:00:09                           ;
; EDA Netlist Writer        ; 00:00:16     ; 1.0                     ; 452 MB              ; 00:00:10                           ;
; Total                     ; 00:02:28     ; --                      ; --                  ; 00:02:14                           ;
+---------------------------+--------------+-------------------------+---------------------+------------------------------------+


+----------------------------------------------------------------------------------------+
; Flow OS Summary                                                                        ;
+---------------------------+------------------+-----------+------------+----------------+
; Module Name               ; Machine Hostname ; OS Name   ; OS Version ; Processor type ;
+---------------------------+------------------+-----------+------------+----------------+
; Analysis & Synthesis      ; pripyat-PC       ; Windows 7 ; 6.1        ; x86_64         ;
; Fitter                    ; pripyat-PC       ; Windows 7 ; 6.1        ; x86_64         ;
; Assembler                 ; pripyat-PC       ; Windows 7 ; 6.1        ; x86_64         ;
; TimeQuest Timing Analyzer ; pripyat-PC       ; Windows 7 ; 6.1        ; x86_64         ;
; EDA Netlist Writer        ; pripyat-PC       ; Windows 7 ; 6.1        ; x86_64         ;
+---------------------------+------------------+-----------+------------+----------------+


------------
; Flow Log ;
------------
quartus_map --read_settings_files=on --write_settings_files=off 3DES_Project -c 3DES_Project
quartus_fit --read_settings_files=off --write_settings_files=off 3DES_Project -c 3DES_Project
quartus_asm --read_settings_files=off --write_settings_files=off 3DES_Project -c 3DES_Project
quartus_sta 3DES_Project -c 3DES_Project
quartus_eda --read_settings_files=off --write_settings_files=off 3DES_Project -c 3DES_Project



